<?xml version="1.0" encoding="UTF-8"?>
<coverage generated="1664196640869" clover="3.2.0">
  <project timestamp="1664196640869" name="All files">
    <metrics statements="275" coveredstatements="275" conditionals="52" coveredconditionals="52" methods="75" coveredmethods="75" elements="402" coveredelements="402" complexity="0" loc="275" ncloc="275" packages="7" files="12" classes="12"/>
    <package name="src">
      <metrics statements="88" coveredstatements="88" conditionals="11" coveredconditionals="11" methods="30" coveredmethods="30"/>
      <file name="Authentication.ts" path="/Users/sblavicki/Code/felony-auth/src/Authentication.ts">
        <metrics statements="88" coveredstatements="88" conditionals="11" coveredconditionals="11" methods="30" coveredmethods="30"/>
        <line num="7" count="3" type="stmt"/>
        <line num="15" count="3" type="stmt"/>
        <line num="21" count="49" type="stmt"/>
        <line num="27" count="4" type="stmt"/>
        <line num="34" count="47" type="stmt"/>
        <line num="35" count="47" type="stmt"/>
        <line num="42" count="19" type="stmt"/>
        <line num="49" count="47" type="stmt"/>
        <line num="50" count="47" type="stmt"/>
        <line num="57" count="56" type="stmt"/>
        <line num="64" count="47" type="stmt"/>
        <line num="65" count="47" type="stmt"/>
        <line num="72" count="30" type="stmt"/>
        <line num="79" count="47" type="stmt"/>
        <line num="80" count="47" type="stmt"/>
        <line num="87" count="2" type="stmt"/>
        <line num="94" count="1" type="stmt"/>
        <line num="101" count="3" type="stmt"/>
        <line num="108" count="1" type="stmt"/>
        <line num="117" count="46" type="stmt"/>
        <line num="128" count="52" type="stmt"/>
        <line num="130" count="52" type="cond" truecount="3" falsecount="0"/>
        <line num="131" count="1" type="stmt"/>
        <line num="135" count="51" type="stmt"/>
        <line num="146" count="26" type="stmt"/>
        <line num="147" count="26" type="stmt"/>
        <line num="149" count="25" type="stmt"/>
        <line num="150" count="24" type="stmt"/>
        <line num="152" count="24" type="cond" truecount="3" falsecount="0"/>
        <line num="153" count="7" type="stmt"/>
        <line num="154" count="6" type="stmt"/>
        <line num="155" count="6" type="stmt"/>
        <line num="158" count="23" type="stmt"/>
        <line num="160" count="3" type="stmt"/>
        <line num="172" count="13" type="stmt"/>
        <line num="173" count="13" type="stmt"/>
        <line num="175" count="12" type="stmt"/>
        <line num="177" count="11" type="cond" truecount="1" falsecount="0"/>
        <line num="178" count="1" type="stmt"/>
        <line num="181" count="11" type="stmt"/>
        <line num="182" count="11" type="stmt"/>
        <line num="184" count="2" type="stmt"/>
        <line num="195" count="6" type="cond" truecount="3" falsecount="0"/>
        <line num="196" count="1" type="stmt"/>
        <line num="199" count="5" type="stmt"/>
        <line num="201" count="5" type="stmt"/>
        <line num="203" count="5" type="cond" truecount="1" falsecount="0"/>
        <line num="204" count="2" type="stmt"/>
        <line num="207" count="3" type="stmt"/>
        <line num="218" count="14" type="stmt"/>
        <line num="219" count="14" type="stmt"/>
        <line num="221" count="14" type="stmt"/>
        <line num="223" count="13" type="stmt"/>
        <line num="225" count="12" type="stmt"/>
        <line num="227" count="11" type="stmt"/>
        <line num="229" count="3" type="stmt"/>
        <line num="241" count="6" type="stmt"/>
        <line num="242" count="6" type="stmt"/>
        <line num="244" count="5" type="stmt"/>
        <line num="246" count="2" type="stmt"/>
        <line num="259" count="4" type="stmt"/>
        <line num="260" count="4" type="stmt"/>
        <line num="261" count="4" type="stmt"/>
        <line num="263" count="1" type="stmt"/>
        <line num="275" count="3" type="stmt"/>
        <line num="276" count="3" type="stmt"/>
        <line num="277" count="2" type="stmt"/>
        <line num="278" count="2" type="stmt"/>
        <line num="280" count="2" type="stmt"/>
        <line num="292" count="2" type="stmt"/>
        <line num="293" count="2" type="stmt"/>
        <line num="295" count="1" type="stmt"/>
        <line num="305" count="1" type="stmt"/>
        <line num="316" count="4" type="stmt"/>
        <line num="317" count="4" type="stmt"/>
        <line num="319" count="1" type="stmt"/>
        <line num="331" count="2" type="stmt"/>
        <line num="332" count="2" type="stmt"/>
        <line num="334" count="1" type="stmt"/>
        <line num="347" count="2" type="stmt"/>
        <line num="348" count="2" type="stmt"/>
        <line num="350" count="1" type="stmt"/>
        <line num="362" count="6" type="stmt"/>
        <line num="363" count="6" type="stmt"/>
        <line num="365" count="1" type="stmt"/>
        <line num="377" count="2" type="stmt"/>
        <line num="378" count="2" type="stmt"/>
        <line num="380" count="1" type="stmt"/>
      </file>
    </package>
    <package name="src.cache.redis">
      <metrics statements="29" coveredstatements="29" conditionals="2" coveredconditionals="2" methods="11" coveredmethods="11"/>
      <file name="RedisAdapter.ts" path="/Users/sblavicki/Code/felony-auth/src/cache/redis/RedisAdapter.ts">
        <metrics statements="21" coveredstatements="21" conditionals="2" coveredconditionals="2" methods="7" coveredmethods="7"/>
        <line num="1" count="2" type="stmt"/>
        <line num="6" count="2" type="stmt"/>
        <line num="7" count="2" type="stmt"/>
        <line num="15" count="2" type="stmt"/>
        <line num="25" count="47" type="stmt"/>
        <line num="34" count="56" type="stmt"/>
        <line num="38" count="55" type="stmt"/>
        <line num="47" count="2" type="stmt"/>
        <line num="52" count="2" type="stmt"/>
        <line num="62" count="17" type="stmt"/>
        <line num="63" count="17" type="stmt"/>
        <line num="64" count="17" type="stmt"/>
        <line num="74" count="16" type="stmt"/>
        <line num="75" count="16" type="cond" truecount="1" falsecount="0"/>
        <line num="76" count="3" type="stmt"/>
        <line num="79" count="13" type="stmt"/>
        <line num="81" count="13" type="stmt"/>
        <line num="90" count="3" type="stmt"/>
        <line num="100" count="3" type="stmt"/>
        <line num="101" count="3" type="cond" truecount="1" falsecount="0"/>
        <line num="102" count="1" type="stmt"/>
      </file>
      <file name="RedisSession.ts" path="/Users/sblavicki/Code/felony-auth/src/cache/redis/RedisSession.ts">
        <metrics statements="8" coveredstatements="8" conditionals="0" coveredconditionals="0" methods="4" coveredmethods="4"/>
        <line num="1" count="3" type="stmt"/>
        <line num="11" count="3" type="stmt"/>
        <line num="17" count="19" type="stmt"/>
        <line num="18" count="19" type="stmt"/>
        <line num="19" count="19" type="stmt"/>
        <line num="28" count="35" type="stmt"/>
        <line num="37" count="1" type="stmt"/>
        <line num="46" count="1" type="stmt"/>
      </file>
    </package>
    <package name="src.error">
      <metrics statements="32" coveredstatements="32" conditionals="21" coveredconditionals="21" methods="9" coveredmethods="9"/>
      <file name="AuthenticationError.ts" path="/Users/sblavicki/Code/felony-auth/src/error/AuthenticationError.ts">
        <metrics statements="5" coveredstatements="5" conditionals="9" coveredconditionals="9" methods="1" coveredmethods="1"/>
        <line num="4" count="10" type="stmt"/>
        <line num="9" count="34" type="stmt"/>
        <line num="10" count="34" type="cond" truecount="4" falsecount="0"/>
        <line num="11" count="34" type="cond" truecount="4" falsecount="0"/>
        <line num="12" count="34" type="stmt"/>
      </file>
      <file name="DefaultErrorAdapter.ts" path="/Users/sblavicki/Code/felony-auth/src/error/DefaultErrorAdapter.ts">
        <metrics statements="11" coveredstatements="11" conditionals="7" coveredconditionals="7" methods="2" coveredmethods="2"/>
        <line num="3" count="2" type="stmt"/>
        <line num="4" count="2" type="stmt"/>
        <line num="13" count="2" type="stmt"/>
        <line num="22" count="47" type="stmt"/>
        <line num="32" count="24" type="cond" truecount="2" falsecount="0"/>
        <line num="33" count="17" type="stmt"/>
        <line num="34" count="7" type="cond" truecount="4" falsecount="0"/>
        <line num="35" count="5" type="stmt"/>
        <line num="36" count="2" type="cond" truecount="1" falsecount="0"/>
        <line num="37" count="1" type="stmt"/>
        <line num="40" count="1" type="stmt"/>
      </file>
      <file name="ValidationError.ts" path="/Users/sblavicki/Code/felony-auth/src/error/ValidationError.ts">
        <metrics statements="16" coveredstatements="16" conditionals="5" coveredconditionals="5" methods="6" coveredmethods="6"/>
        <line num="4" count="8" type="stmt"/>
        <line num="5" count="72" type="stmt"/>
        <line num="6" count="72" type="stmt"/>
        <line num="10" count="72" type="stmt"/>
        <line num="20" count="28" type="cond" truecount="4" falsecount="0"/>
        <line num="22" count="28" type="stmt"/>
        <line num="24" count="28" type="stmt"/>
        <line num="33" count="51" type="stmt"/>
        <line num="34" count="13" type="cond" truecount="1" falsecount="0"/>
        <line num="35" count="10" type="stmt"/>
        <line num="39" count="41" type="stmt"/>
        <line num="46" count="8" type="stmt"/>
        <line num="48" count="34" type="stmt"/>
        <line num="51" count="34" type="stmt"/>
        <line num="60" count="30" type="stmt"/>
        <line num="69" count="17" type="stmt"/>
      </file>
    </package>
    <package name="src.providers.two-factor">
      <metrics statements="12" coveredstatements="12" conditionals="1" coveredconditionals="1" methods="5" coveredmethods="5"/>
      <file name="TOTPTwoFactorProvider.ts" path="/Users/sblavicki/Code/felony-auth/src/providers/two-factor/TOTPTwoFactorProvider.ts">
        <metrics statements="12" coveredstatements="12" conditionals="1" coveredconditionals="1" methods="5" coveredmethods="5"/>
        <line num="1" count="2" type="stmt"/>
        <line num="2" count="2" type="stmt"/>
        <line num="6" count="2" type="stmt"/>
        <line num="12" count="2" type="stmt"/>
        <line num="18" count="51" type="stmt"/>
        <line num="26" count="1" type="stmt"/>
        <line num="36" count="14" type="stmt"/>
        <line num="38" count="14" type="stmt"/>
        <line num="44" count="14" type="stmt"/>
        <line num="54" count="12" type="stmt"/>
        <line num="65" count="5" type="cond" truecount="1" falsecount="0"/>
        <line num="66" count="1" type="stmt"/>
      </file>
    </package>
    <package name="src.storage.postgres">
      <metrics statements="81" coveredstatements="81" conditionals="11" coveredconditionals="11" methods="14" coveredmethods="14"/>
      <file name="PostgresAdapter.ts" path="/Users/sblavicki/Code/felony-auth/src/storage/postgres/PostgresAdapter.ts">
        <metrics statements="81" coveredstatements="81" conditionals="11" coveredconditionals="11" methods="14" coveredmethods="14"/>
        <line num="1" count="5" type="stmt"/>
        <line num="2" count="5" type="stmt"/>
        <line num="6" count="5" type="stmt"/>
        <line num="7" count="5" type="stmt"/>
        <line num="8" count="5" type="stmt"/>
        <line num="20" count="5" type="stmt"/>
        <line num="29" count="1" type="stmt"/>
        <line num="38" count="47" type="stmt"/>
        <line num="48" count="1" type="stmt"/>
        <line num="55" count="1" type="stmt"/>
        <line num="65" count="87" type="stmt"/>
        <line num="70" count="87" type="stmt"/>
        <line num="81" count="45" type="stmt"/>
        <line num="83" count="45" type="stmt"/>
        <line num="94" count="42" type="cond" truecount="1" falsecount="0"/>
        <line num="95" count="1" type="stmt"/>
        <line num="96" count="1" type="stmt"/>
        <line num="97" count="1" type="stmt"/>
        <line num="100" count="41" type="stmt"/>
        <line num="111" count="21" type="stmt"/>
        <line num="120" count="19" type="cond" truecount="1" falsecount="0"/>
        <line num="121" count="1" type="stmt"/>
        <line num="122" count="1" type="stmt"/>
        <line num="123" count="1" type="stmt"/>
        <line num="126" count="18" type="stmt"/>
        <line num="137" count="19" type="stmt"/>
        <line num="144" count="19" type="cond" truecount="1" falsecount="0"/>
        <line num="145" count="2" type="stmt"/>
        <line num="146" count="2" type="stmt"/>
        <line num="147" count="2" type="stmt"/>
        <line num="150" count="17" type="stmt"/>
        <line num="152" count="17" type="cond" truecount="1" falsecount="0"/>
        <line num="153" count="1" type="stmt"/>
        <line num="156" count="16" type="stmt"/>
        <line num="158" count="16" type="stmt"/>
        <line num="169" count="3" type="stmt"/>
        <line num="173" count="3" type="cond" truecount="1" falsecount="0"/>
        <line num="174" count="2" type="stmt"/>
        <line num="175" count="2" type="stmt"/>
        <line num="176" count="2" type="stmt"/>
        <line num="179" count="1" type="stmt"/>
        <line num="181" count="1" type="stmt"/>
        <line num="192" count="3" type="stmt"/>
        <line num="194" count="2" type="cond" truecount="1" falsecount="0"/>
        <line num="195" count="1" type="stmt"/>
        <line num="196" count="1" type="stmt"/>
        <line num="197" count="1" type="stmt"/>
        <line num="200" count="1" type="stmt"/>
        <line num="202" count="1" type="stmt"/>
        <line num="213" count="3" type="stmt"/>
        <line num="217" count="3" type="cond" truecount="1" falsecount="0"/>
        <line num="218" count="2" type="stmt"/>
        <line num="219" count="2" type="stmt"/>
        <line num="220" count="2" type="stmt"/>
        <line num="223" count="1" type="stmt"/>
        <line num="225" count="1" type="stmt"/>
        <line num="236" count="10" type="stmt"/>
        <line num="240" count="9" type="cond" truecount="1" falsecount="0"/>
        <line num="241" count="1" type="stmt"/>
        <line num="242" count="1" type="stmt"/>
        <line num="243" count="1" type="stmt"/>
        <line num="246" count="8" type="stmt"/>
        <line num="257" count="4" type="stmt"/>
        <line num="264" count="4" type="cond" truecount="1" falsecount="0"/>
        <line num="265" count="1" type="stmt"/>
        <line num="266" count="1" type="stmt"/>
        <line num="267" count="1" type="stmt"/>
        <line num="270" count="3" type="stmt"/>
        <line num="272" count="3" type="stmt"/>
        <line num="273" count="1" type="stmt"/>
        <line num="276" count="3" type="stmt"/>
        <line num="289" count="4" type="stmt"/>
        <line num="293" count="4" type="cond" truecount="1" falsecount="0"/>
        <line num="294" count="1" type="stmt"/>
        <line num="295" count="1" type="stmt"/>
        <line num="296" count="1" type="stmt"/>
        <line num="299" count="3" type="stmt"/>
        <line num="301" count="3" type="cond" truecount="1" falsecount="0"/>
        <line num="302" count="1" type="stmt"/>
        <line num="305" count="2" type="stmt"/>
        <line num="307" count="2" type="stmt"/>
      </file>
    </package>
    <package name="src.storage.postgres.db.models">
      <metrics statements="15" coveredstatements="15" conditionals="0" coveredconditionals="0" methods="3" coveredmethods="3"/>
      <file name="Models.ts" path="/Users/sblavicki/Code/felony-auth/src/storage/postgres/db/models/Models.ts">
        <metrics statements="7" coveredstatements="7" conditionals="0" coveredconditionals="0" methods="1" coveredmethods="1"/>
        <line num="2" count="5" type="stmt"/>
        <line num="3" count="5" type="stmt"/>
        <line num="13" count="89" type="stmt"/>
        <line num="14" count="89" type="stmt"/>
        <line num="16" count="89" type="stmt"/>
        <line num="17" count="89" type="stmt"/>
        <line num="21" count="5" type="stmt"/>
      </file>
      <file name="two_factor_user.ts" path="/Users/sblavicki/Code/felony-auth/src/storage/postgres/db/models/two_factor_user.ts">
        <metrics statements="4" coveredstatements="4" conditionals="0" coveredconditionals="0" methods="1" coveredmethods="1"/>
        <line num="2" count="5" type="stmt"/>
        <line num="13" count="5" type="stmt"/>
        <line num="23" count="89" type="stmt"/>
        <line num="81" count="89" type="stmt"/>
      </file>
      <file name="user.ts" path="/Users/sblavicki/Code/felony-auth/src/storage/postgres/db/models/user.ts">
        <metrics statements="4" coveredstatements="4" conditionals="0" coveredconditionals="0" methods="1" coveredmethods="1"/>
        <line num="2" count="5" type="stmt"/>
        <line num="15" count="5" type="stmt"/>
        <line num="27" count="89" type="stmt"/>
        <line num="94" count="89" type="stmt"/>
      </file>
    </package>
    <package name="src.validation">
      <metrics statements="18" coveredstatements="18" conditionals="6" coveredconditionals="6" methods="3" coveredmethods="3"/>
      <file name="DefaultValidationAdapter.ts" path="/Users/sblavicki/Code/felony-auth/src/validation/DefaultValidationAdapter.ts">
        <metrics statements="18" coveredstatements="18" conditionals="6" coveredconditionals="6" methods="3" coveredmethods="3"/>
        <line num="1" count="2" type="stmt"/>
        <line num="5" count="2" type="stmt"/>
        <line num="15" count="2" type="stmt"/>
        <line num="24" count="48" type="stmt"/>
        <line num="34" count="33" type="stmt"/>
        <line num="35" count="33" type="cond" truecount="1" falsecount="0"/>
        <line num="36" count="3" type="stmt"/>
        <line num="39" count="30" type="cond" truecount="1" falsecount="0"/>
        <line num="40" count="3" type="stmt"/>
        <line num="43" count="30" type="cond" truecount="1" falsecount="0"/>
        <line num="44" count="4" type="stmt"/>
        <line num="55" count="20" type="stmt"/>
        <line num="56" count="20" type="cond" truecount="1" falsecount="0"/>
        <line num="57" count="3" type="stmt"/>
        <line num="60" count="17" type="cond" truecount="1" falsecount="0"/>
        <line num="61" count="3" type="stmt"/>
        <line num="64" count="17" type="cond" truecount="1" falsecount="0"/>
        <line num="65" count="4" type="stmt"/>
      </file>
    </package>
  </project>
</coverage>
