{"/Users/sblavicki/Code/felony-auth/src/Authentication.ts": {"path":"/Users/sblavicki/Code/felony-auth/src/Authentication.ts","statementMap":{"0":{"start":{"line":7,"column":0},"end":{"line":7,"column":65}},"1":{"start":{"line":21,"column":10},"end":{"line":21,"column":null}},"2":{"start":{"line":27,"column":4},"end":{"line":27,"column":null}},"3":{"start":{"line":34,"column":4},"end":{"line":34,"column":null}},"4":{"start":{"line":35,"column":4},"end":{"line":35,"column":null}},"5":{"start":{"line":42,"column":4},"end":{"line":42,"column":null}},"6":{"start":{"line":49,"column":4},"end":{"line":49,"column":null}},"7":{"start":{"line":50,"column":4},"end":{"line":50,"column":null}},"8":{"start":{"line":57,"column":4},"end":{"line":57,"column":null}},"9":{"start":{"line":64,"column":4},"end":{"line":64,"column":null}},"10":{"start":{"line":65,"column":4},"end":{"line":65,"column":null}},"11":{"start":{"line":72,"column":4},"end":{"line":72,"column":null}},"12":{"start":{"line":79,"column":4},"end":{"line":79,"column":null}},"13":{"start":{"line":80,"column":4},"end":{"line":80,"column":null}},"14":{"start":{"line":87,"column":4},"end":{"line":87,"column":null}},"15":{"start":{"line":94,"column":4},"end":{"line":94,"column":null}},"16":{"start":{"line":101,"column":4},"end":{"line":101,"column":null}},"17":{"start":{"line":108,"column":4},"end":{"line":108,"column":null}},"18":{"start":{"line":117,"column":4},"end":{"line":117,"column":null}},"19":{"start":{"line":128,"column":19},"end":{"line":128,"column":56}},"20":{"start":{"line":130,"column":4},"end":{"line":133,"column":null}},"21":{"start":{"line":131,"column":6},"end":{"line":131,"column":null}},"22":{"start":{"line":135,"column":4},"end":{"line":135,"column":null}},"23":{"start":{"line":146,"column":4},"end":{"line":161,"column":null}},"24":{"start":{"line":147,"column":6},"end":{"line":147,"column":null}},"25":{"start":{"line":149,"column":19},"end":{"line":149,"column":62}},"26":{"start":{"line":150,"column":111},"end":{"line":150,"column":119}},"27":{"start":{"line":152,"column":6},"end":{"line":156,"column":null}},"28":{"start":{"line":153,"column":42},"end":{"line":153,"column":121}},"29":{"start":{"line":154,"column":8},"end":{"line":154,"column":null}},"30":{"start":{"line":155,"column":8},"end":{"line":155,"column":null}},"31":{"start":{"line":158,"column":6},"end":{"line":158,"column":null}},"32":{"start":{"line":160,"column":6},"end":{"line":160,"column":null}},"33":{"start":{"line":172,"column":4},"end":{"line":185,"column":null}},"34":{"start":{"line":173,"column":6},"end":{"line":173,"column":null}},"35":{"start":{"line":175,"column":39},"end":{"line":175,"column":79}},"36":{"start":{"line":177,"column":6},"end":{"line":179,"column":null}},"37":{"start":{"line":178,"column":8},"end":{"line":178,"column":null}},"38":{"start":{"line":181,"column":24},"end":{"line":181,"column":67}},"39":{"start":{"line":182,"column":6},"end":{"line":182,"column":null}},"40":{"start":{"line":184,"column":6},"end":{"line":184,"column":null}},"41":{"start":{"line":195,"column":4},"end":{"line":197,"column":null}},"42":{"start":{"line":196,"column":6},"end":{"line":196,"column":null}},"43":{"start":{"line":199,"column":21},"end":{"line":199,"column":65}},"44":{"start":{"line":201,"column":26},"end":{"line":201,"column":81}},"45":{"start":{"line":201,"column":54},"end":{"line":201,"column":80}},"46":{"start":{"line":203,"column":4},"end":{"line":205,"column":null}},"47":{"start":{"line":204,"column":6},"end":{"line":204,"column":null}},"48":{"start":{"line":207,"column":4},"end":{"line":207,"column":null}},"49":{"start":{"line":218,"column":4},"end":{"line":230,"column":null}},"50":{"start":{"line":219,"column":32},"end":{"line":219,"column":67}},"51":{"start":{"line":221,"column":44},"end":{"line":221,"column":92}},"52":{"start":{"line":223,"column":28},"end":{"line":223,"column":106}},"53":{"start":{"line":225,"column":21},"end":{"line":225,"column":74}},"54":{"start":{"line":227,"column":6},"end":{"line":227,"column":null}},"55":{"start":{"line":229,"column":6},"end":{"line":229,"column":null}},"56":{"start":{"line":241,"column":4},"end":{"line":247,"column":null}},"57":{"start":{"line":242,"column":22},"end":{"line":242,"column":67}},"58":{"start":{"line":244,"column":6},"end":{"line":244,"column":null}},"59":{"start":{"line":246,"column":6},"end":{"line":246,"column":null}},"60":{"start":{"line":259,"column":4},"end":{"line":264,"column":null}},"61":{"start":{"line":260,"column":32},"end":{"line":260,"column":67}},"62":{"start":{"line":261,"column":6},"end":{"line":261,"column":null}},"63":{"start":{"line":263,"column":6},"end":{"line":263,"column":null}},"64":{"start":{"line":275,"column":4},"end":{"line":281,"column":null}},"65":{"start":{"line":276,"column":28},"end":{"line":276,"column":76}},"66":{"start":{"line":277,"column":32},"end":{"line":277,"column":67}},"67":{"start":{"line":278,"column":6},"end":{"line":278,"column":null}},"68":{"start":{"line":280,"column":6},"end":{"line":280,"column":null}},"69":{"start":{"line":292,"column":4},"end":{"line":296,"column":null}},"70":{"start":{"line":293,"column":6},"end":{"line":293,"column":null}},"71":{"start":{"line":295,"column":6},"end":{"line":295,"column":null}},"72":{"start":{"line":305,"column":4},"end":{"line":305,"column":null}},"73":{"start":{"line":316,"column":4},"end":{"line":320,"column":null}},"74":{"start":{"line":317,"column":6},"end":{"line":317,"column":null}},"75":{"start":{"line":319,"column":6},"end":{"line":319,"column":null}},"76":{"start":{"line":331,"column":4},"end":{"line":335,"column":null}},"77":{"start":{"line":332,"column":6},"end":{"line":332,"column":null}},"78":{"start":{"line":334,"column":6},"end":{"line":334,"column":null}},"79":{"start":{"line":347,"column":4},"end":{"line":351,"column":null}},"80":{"start":{"line":348,"column":6},"end":{"line":348,"column":null}},"81":{"start":{"line":350,"column":6},"end":{"line":350,"column":null}},"82":{"start":{"line":362,"column":4},"end":{"line":366,"column":null}},"83":{"start":{"line":363,"column":6},"end":{"line":363,"column":null}},"84":{"start":{"line":365,"column":6},"end":{"line":365,"column":null}},"85":{"start":{"line":377,"column":4},"end":{"line":381,"column":null}},"86":{"start":{"line":378,"column":6},"end":{"line":378,"column":null}},"87":{"start":{"line":380,"column":6},"end":{"line":380,"column":null}},"88":{"start":{"line":15,"column":0},"end":{"line":15,"column":13}}},"fnMap":{"0":{"name":"(anonymous_7)","decl":{"start":{"line":15,"column":0},"end":{"line":15,"column":13}},"loc":{"start":{"line":15,"column":0},"end":{"line":383,"column":1}}},"1":{"name":"(anonymous_8)","decl":{"start":{"line":26,"column":2},"end":{"line":26,"column":13}},"loc":{"start":{"line":26,"column":25},"end":{"line":28,"column":3}}},"2":{"name":"(anonymous_9)","decl":{"start":{"line":33,"column":2},"end":{"line":33,"column":13}},"loc":{"start":{"line":33,"column":62},"end":{"line":36,"column":3}}},"3":{"name":"(anonymous_10)","decl":{"start":{"line":41,"column":2},"end":{"line":41,"column":13}},"loc":{"start":{"line":41,"column":30},"end":{"line":43,"column":3}}},"4":{"name":"(anonymous_11)","decl":{"start":{"line":48,"column":2},"end":{"line":48,"column":13}},"loc":{"start":{"line":48,"column":77},"end":{"line":51,"column":3}}},"5":{"name":"(anonymous_12)","decl":{"start":{"line":56,"column":2},"end":{"line":56,"column":13}},"loc":{"start":{"line":56,"column":27},"end":{"line":58,"column":3}}},"6":{"name":"(anonymous_13)","decl":{"start":{"line":63,"column":2},"end":{"line":63,"column":13}},"loc":{"start":{"line":63,"column":68},"end":{"line":66,"column":3}}},"7":{"name":"(anonymous_14)","decl":{"start":{"line":71,"column":2},"end":{"line":71,"column":13}},"loc":{"start":{"line":71,"column":25},"end":{"line":73,"column":3}}},"8":{"name":"(anonymous_15)","decl":{"start":{"line":78,"column":2},"end":{"line":78,"column":13}},"loc":{"start":{"line":78,"column":62},"end":{"line":81,"column":3}}},"9":{"name":"(anonymous_16)","decl":{"start":{"line":86,"column":2},"end":{"line":86,"column":13}},"loc":{"start":{"line":86,"column":29},"end":{"line":88,"column":3}}},"10":{"name":"(anonymous_17)","decl":{"start":{"line":93,"column":2},"end":{"line":93,"column":13}},"loc":{"start":{"line":93,"column":55},"end":{"line":95,"column":3}}},"11":{"name":"(anonymous_18)","decl":{"start":{"line":100,"column":2},"end":{"line":100,"column":13}},"loc":{"start":{"line":100,"column":31},"end":{"line":102,"column":3}}},"12":{"name":"(anonymous_19)","decl":{"start":{"line":107,"column":2},"end":{"line":107,"column":13}},"loc":{"start":{"line":107,"column":92},"end":{"line":109,"column":3}}},"13":{"name":"(anonymous_20)","decl":{"start":{"line":116,"column":2},"end":{"line":116,"column":22}},"loc":{"start":{"line":116,"column":59},"end":{"line":118,"column":3}}},"14":{"name":"(anonymous_21)","decl":{"start":{"line":127,"column":2},"end":{"line":127,"column":22}},"loc":{"start":{"line":127,"column":40},"end":{"line":136,"column":3}}},"15":{"name":"(anonymous_22)","decl":{"start":{"line":145,"column":8},"end":{"line":145,"column":16}},"loc":{"start":{"line":145,"column":43},"end":{"line":162,"column":null}}},"16":{"name":"(anonymous_24)","decl":{"start":{"line":171,"column":8},"end":{"line":171,"column":13}},"loc":{"start":{"line":171,"column":33},"end":{"line":186,"column":null}}},"17":{"name":"(anonymous_26)","decl":{"start":{"line":194,"column":8},"end":{"line":194,"column":36}},"loc":{"start":{"line":194,"column":102},"end":{"line":208,"column":null}}},"18":{"name":"(anonymous_28)","decl":{"start":{"line":201,"column":46},"end":{"line":201,"column":50}},"loc":{"start":{"line":201,"column":54},"end":{"line":201,"column":80}}},"19":{"name":"(anonymous_29)","decl":{"start":{"line":217,"column":8},"end":{"line":217,"column":29}},"loc":{"start":{"line":217,"column":72},"end":{"line":231,"column":null}}},"20":{"name":"(anonymous_31)","decl":{"start":{"line":240,"column":8},"end":{"line":240,"column":40}},"loc":{"start":{"line":240,"column":77},"end":{"line":248,"column":null}}},"21":{"name":"(anonymous_33)","decl":{"start":{"line":258,"column":8},"end":{"line":258,"column":27}},"loc":{"start":{"line":258,"column":102},"end":{"line":265,"column":null}}},"22":{"name":"(anonymous_35)","decl":{"start":{"line":274,"column":8},"end":{"line":274,"column":46}},"loc":{"start":{"line":274,"column":103},"end":{"line":282,"column":null}}},"23":{"name":"(anonymous_37)","decl":{"start":{"line":291,"column":8},"end":{"line":291,"column":25}},"loc":{"start":{"line":291,"column":59},"end":{"line":297,"column":null}}},"24":{"name":"(anonymous_39)","decl":{"start":{"line":304,"column":8},"end":{"line":304,"column":14}},"loc":{"start":{"line":304,"column":33},"end":{"line":306,"column":null}}},"25":{"name":"(anonymous_41)","decl":{"start":{"line":315,"column":8},"end":{"line":315,"column":18}},"loc":{"start":{"line":315,"column":37},"end":{"line":321,"column":null}}},"26":{"name":"(anonymous_43)","decl":{"start":{"line":330,"column":8},"end":{"line":330,"column":21}},"loc":{"start":{"line":330,"column":49},"end":{"line":336,"column":null}}},"27":{"name":"(anonymous_45)","decl":{"start":{"line":346,"column":8},"end":{"line":346,"column":22}},"loc":{"start":{"line":346,"column":79},"end":{"line":352,"column":null}}},"28":{"name":"(anonymous_47)","decl":{"start":{"line":361,"column":8},"end":{"line":361,"column":24}},"loc":{"start":{"line":361,"column":49},"end":{"line":367,"column":null}}},"29":{"name":"(anonymous_49)","decl":{"start":{"line":376,"column":8},"end":{"line":376,"column":34}},"loc":{"start":{"line":376,"column":49},"end":{"line":382,"column":null}}}},"branchMap":{"0":{"loc":{"start":{"line":130,"column":4},"end":{"line":133,"column":null}},"type":"if","locations":[{"start":{"line":130,"column":4},"end":{"line":133,"column":null}}]},"1":{"loc":{"start":{"line":130,"column":8},"end":{"line":130,"column":47}},"type":"binary-expr","locations":[{"start":{"line":130,"column":8},"end":{"line":130,"column":28}},{"start":{"line":130,"column":32},"end":{"line":130,"column":47}}]},"2":{"loc":{"start":{"line":152,"column":6},"end":{"line":156,"column":null}},"type":"if","locations":[{"start":{"line":152,"column":6},"end":{"line":156,"column":null}}]},"3":{"loc":{"start":{"line":152,"column":10},"end":{"line":152,"column":115}},"type":"binary-expr","locations":[{"start":{"line":152,"column":10},"end":{"line":152,"column":63}},{"start":{"line":152,"column":67},"end":{"line":152,"column":115}}]},"4":{"loc":{"start":{"line":177,"column":6},"end":{"line":179,"column":null}},"type":"if","locations":[{"start":{"line":177,"column":6},"end":{"line":179,"column":null}}]},"5":{"loc":{"start":{"line":195,"column":4},"end":{"line":197,"column":null}},"type":"if","locations":[{"start":{"line":195,"column":4},"end":{"line":197,"column":null}}]},"6":{"loc":{"start":{"line":195,"column":8},"end":{"line":195,"column":105}},"type":"binary-expr","locations":[{"start":{"line":195,"column":8},"end":{"line":195,"column":57}},{"start":{"line":195,"column":61},"end":{"line":195,"column":105}}]},"7":{"loc":{"start":{"line":203,"column":4},"end":{"line":205,"column":null}},"type":"if","locations":[{"start":{"line":203,"column":4},"end":{"line":205,"column":null}}]}},"s":{"0":3,"1":49,"2":4,"3":47,"4":47,"5":19,"6":47,"7":47,"8":56,"9":47,"10":47,"11":30,"12":47,"13":47,"14":2,"15":1,"16":3,"17":1,"18":46,"19":52,"20":52,"21":1,"22":51,"23":26,"24":26,"25":25,"26":24,"27":24,"28":7,"29":6,"30":6,"31":23,"32":3,"33":13,"34":13,"35":12,"36":11,"37":1,"38":11,"39":11,"40":2,"41":6,"42":1,"43":5,"44":5,"45":4,"46":5,"47":2,"48":3,"49":14,"50":14,"51":14,"52":13,"53":12,"54":11,"55":3,"56":6,"57":6,"58":5,"59":2,"60":4,"61":4,"62":4,"63":1,"64":3,"65":3,"66":2,"67":2,"68":2,"69":2,"70":2,"71":1,"72":1,"73":4,"74":4,"75":1,"76":2,"77":2,"78":1,"79":2,"80":2,"81":1,"82":6,"83":6,"84":1,"85":2,"86":2,"87":1,"88":3},"f":{"0":49,"1":4,"2":47,"3":19,"4":47,"5":56,"6":47,"7":30,"8":47,"9":2,"10":1,"11":3,"12":1,"13":46,"14":52,"15":26,"16":13,"17":6,"18":4,"19":14,"20":6,"21":4,"22":3,"23":2,"24":1,"25":4,"26":2,"27":2,"28":6,"29":2},"b":{"0":[1],"1":[52,51],"2":[7],"3":[24,7],"4":[1],"5":[1],"6":[6,5],"7":[2]}}
,"/Users/sblavicki/Code/felony-auth/src/cache/redis/RedisAdapter.ts": {"path":"/Users/sblavicki/Code/felony-auth/src/cache/redis/RedisAdapter.ts","statementMap":{"0":{"start":{"line":1,"column":0},"end":{"line":1,"column":36}},"1":{"start":{"line":6,"column":0},"end":{"line":6,"column":45}},"2":{"start":{"line":7,"column":0},"end":{"line":7,"column":69}},"3":{"start":{"line":25,"column":4},"end":{"line":25,"column":null}},"4":{"start":{"line":34,"column":4},"end":{"line":36,"column":null}},"5":{"start":{"line":38,"column":4},"end":{"line":38,"column":null}},"6":{"start":{"line":47,"column":4},"end":{"line":50,"column":null}},"7":{"start":{"line":52,"column":4},"end":{"line":52,"column":null}},"8":{"start":{"line":62,"column":20},"end":{"line":62,"column":45}},"9":{"start":{"line":63,"column":4},"end":{"line":63,"column":null}},"10":{"start":{"line":64,"column":4},"end":{"line":64,"column":null}},"11":{"start":{"line":74,"column":20},"end":{"line":74,"column":45}},"12":{"start":{"line":75,"column":4},"end":{"line":77,"column":null}},"13":{"start":{"line":76,"column":6},"end":{"line":76,"column":null}},"14":{"start":{"line":79,"column":35},"end":{"line":79,"column":54}},"15":{"start":{"line":81,"column":4},"end":{"line":81,"column":null}},"16":{"start":{"line":90,"column":4},"end":{"line":90,"column":null}},"17":{"start":{"line":100,"column":20},"end":{"line":100,"column":52}},"18":{"start":{"line":101,"column":4},"end":{"line":103,"column":null}},"19":{"start":{"line":102,"column":6},"end":{"line":102,"column":null}},"20":{"start":{"line":15,"column":0},"end":{"line":15,"column":13}}},"fnMap":{"0":{"name":"(anonymous_7)","decl":{"start":{"line":24,"column":2},"end":{"line":24,"column":12}},"loc":{"start":{"line":24,"column":44},"end":{"line":26,"column":3}}},"1":{"name":"(anonymous_8)","decl":{"start":{"line":33,"column":8},"end":{"line":33,"column":43}},"loc":{"start":{"line":33,"column":56},"end":{"line":39,"column":null}}},"2":{"name":"(anonymous_10)","decl":{"start":{"line":46,"column":8},"end":{"line":46,"column":41}},"loc":{"start":{"line":46,"column":70},"end":{"line":53,"column":null}}},"3":{"name":"(anonymous_12)","decl":{"start":{"line":61,"column":8},"end":{"line":61,"column":21}},"loc":{"start":{"line":61,"column":49},"end":{"line":65,"column":null}}},"4":{"name":"(anonymous_14)","decl":{"start":{"line":73,"column":8},"end":{"line":73,"column":18}},"loc":{"start":{"line":73,"column":30},"end":{"line":82,"column":null}}},"5":{"name":"(anonymous_16)","decl":{"start":{"line":89,"column":8},"end":{"line":89,"column":14}},"loc":{"start":{"line":89,"column":26},"end":{"line":91,"column":null}}},"6":{"name":"(anonymous_18)","decl":{"start":{"line":99,"column":8},"end":{"line":99,"column":20}},"loc":{"start":{"line":99,"column":54},"end":{"line":104,"column":null}}}},"branchMap":{"0":{"loc":{"start":{"line":75,"column":4},"end":{"line":77,"column":null}},"type":"if","locations":[{"start":{"line":75,"column":4},"end":{"line":77,"column":null}}]},"1":{"loc":{"start":{"line":101,"column":4},"end":{"line":103,"column":null}},"type":"if","locations":[{"start":{"line":101,"column":4},"end":{"line":103,"column":null}}]}},"s":{"0":2,"1":2,"2":2,"3":47,"4":56,"5":55,"6":2,"7":2,"8":17,"9":17,"10":17,"11":16,"12":16,"13":3,"14":13,"15":13,"16":3,"17":3,"18":3,"19":1,"20":2},"f":{"0":47,"1":56,"2":2,"3":17,"4":16,"5":3,"6":3},"b":{"0":[3],"1":[1]}}
,"/Users/sblavicki/Code/felony-auth/src/cache/redis/RedisSession.ts": {"path":"/Users/sblavicki/Code/felony-auth/src/cache/redis/RedisSession.ts","statementMap":{"0":{"start":{"line":1,"column":0},"end":{"line":1,"column":35}},"1":{"start":{"line":17,"column":4},"end":{"line":17,"column":null}},"2":{"start":{"line":18,"column":4},"end":{"line":18,"column":null}},"3":{"start":{"line":19,"column":4},"end":{"line":19,"column":null}},"4":{"start":{"line":28,"column":4},"end":{"line":28,"column":null}},"5":{"start":{"line":37,"column":4},"end":{"line":37,"column":null}},"6":{"start":{"line":46,"column":4},"end":{"line":46,"column":null}},"7":{"start":{"line":11,"column":0},"end":{"line":11,"column":13}}},"fnMap":{"0":{"name":"(anonymous_0)","decl":{"start":{"line":16,"column":2},"end":{"line":16,"column":15}},"loc":{"start":{"line":16,"column":38},"end":{"line":20,"column":3}}},"1":{"name":"(anonymous_1)","decl":{"start":{"line":27,"column":2},"end":{"line":27,"column":13}},"loc":{"start":{"line":27,"column":15},"end":{"line":29,"column":3}}},"2":{"name":"(anonymous_2)","decl":{"start":{"line":36,"column":2},"end":{"line":36,"column":13}},"loc":{"start":{"line":36,"column":17},"end":{"line":38,"column":3}}},"3":{"name":"(anonymous_3)","decl":{"start":{"line":45,"column":2},"end":{"line":45,"column":13}},"loc":{"start":{"line":45,"column":17},"end":{"line":47,"column":3}}}},"branchMap":{},"s":{"0":3,"1":19,"2":19,"3":19,"4":35,"5":1,"6":1,"7":3},"f":{"0":19,"1":35,"2":1,"3":1},"b":{}}
,"/Users/sblavicki/Code/felony-auth/src/error/AuthenticationError.ts": {"path":"/Users/sblavicki/Code/felony-auth/src/error/AuthenticationError.ts","statementMap":{"0":{"start":{"line":9,"column":4},"end":{"line":9,"column":null}},"1":{"start":{"line":10,"column":4},"end":{"line":10,"column":null}},"2":{"start":{"line":11,"column":4},"end":{"line":11,"column":null}},"3":{"start":{"line":12,"column":4},"end":{"line":12,"column":null}},"4":{"start":{"line":4,"column":0},"end":{"line":4,"column":13}}},"fnMap":{"0":{"name":"(anonymous_0)","decl":{"start":{"line":8,"column":2},"end":{"line":8,"column":15}},"loc":{"start":{"line":8,"column":106},"end":{"line":13,"column":3}}}},"branchMap":{"0":{"loc":{"start":{"line":8,"column":32},"end":{"line":8,"column":106}},"type":"default-arg","locations":[{"start":{"line":8,"column":104},"end":{"line":8,"column":106}}]},"1":{"loc":{"start":{"line":10,"column":16},"end":{"line":10,"column":64}},"type":"cond-expr","locations":[{"start":{"line":10,"column":39},"end":{"line":10,"column":43}},{"start":{"line":10,"column":43},"end":{"line":10,"column":64}}]},"2":{"loc":{"start":{"line":10,"column":16},"end":{"line":10,"column":43}},"type":"binary-expr","locations":[{"start":{"line":10,"column":16},"end":{"line":10,"column":43}},{"start":{"line":10,"column":39},"end":{"line":10,"column":43}}]},"3":{"loc":{"start":{"line":11,"column":22},"end":{"line":11,"column":58}},"type":"cond-expr","locations":[{"start":{"line":11,"column":51},"end":{"line":11,"column":55}},{"start":{"line":11,"column":55},"end":{"line":11,"column":58}}]},"4":{"loc":{"start":{"line":11,"column":22},"end":{"line":11,"column":55}},"type":"binary-expr","locations":[{"start":{"line":11,"column":22},"end":{"line":11,"column":55}},{"start":{"line":11,"column":51},"end":{"line":11,"column":55}}]}},"s":{"0":34,"1":34,"2":34,"3":34,"4":10},"f":{"0":34},"b":{"0":[1],"1":[32,2],"2":[34,34],"3":[32,2],"4":[34,34]}}
,"/Users/sblavicki/Code/felony-auth/src/error/DefaultErrorAdapter.ts": {"path":"/Users/sblavicki/Code/felony-auth/src/error/DefaultErrorAdapter.ts","statementMap":{"0":{"start":{"line":3,"column":0},"end":{"line":3,"column":59}},"1":{"start":{"line":4,"column":0},"end":{"line":4,"column":52}},"2":{"start":{"line":22,"column":4},"end":{"line":22,"column":null}},"3":{"start":{"line":32,"column":4},"end":{"line":38,"column":null}},"4":{"start":{"line":33,"column":6},"end":{"line":33,"column":null}},"5":{"start":{"line":34,"column":11},"end":{"line":38,"column":null}},"6":{"start":{"line":35,"column":6},"end":{"line":35,"column":null}},"7":{"start":{"line":36,"column":11},"end":{"line":38,"column":null}},"8":{"start":{"line":37,"column":6},"end":{"line":37,"column":null}},"9":{"start":{"line":40,"column":4},"end":{"line":40,"column":null}},"10":{"start":{"line":13,"column":0},"end":{"line":13,"column":13}}},"fnMap":{"0":{"name":"(anonymous_0)","decl":{"start":{"line":21,"column":2},"end":{"line":21,"column":12}},"loc":{"start":{"line":21,"column":44},"end":{"line":23,"column":3}}},"1":{"name":"(anonymous_1)","decl":{"start":{"line":31,"column":2},"end":{"line":31,"column":13}},"loc":{"start":{"line":31,"column":89},"end":{"line":41,"column":3}}}},"branchMap":{"0":{"loc":{"start":{"line":32,"column":4},"end":{"line":38,"column":null}},"type":"if","locations":[{"start":{"line":32,"column":4},"end":{"line":38,"column":null}},{"start":{"line":34,"column":11},"end":{"line":38,"column":null}}]},"1":{"loc":{"start":{"line":34,"column":11},"end":{"line":38,"column":null}},"type":"if","locations":[{"start":{"line":34,"column":11},"end":{"line":38,"column":null}},{"start":{"line":36,"column":11},"end":{"line":38,"column":null}}]},"2":{"loc":{"start":{"line":34,"column":15},"end":{"line":34,"column":88}},"type":"binary-expr","locations":[{"start":{"line":34,"column":15},"end":{"line":34,"column":51}},{"start":{"line":34,"column":55},"end":{"line":34,"column":88}}]},"3":{"loc":{"start":{"line":36,"column":11},"end":{"line":38,"column":null}},"type":"if","locations":[{"start":{"line":36,"column":11},"end":{"line":38,"column":null}}]}},"s":{"0":2,"1":2,"2":47,"3":24,"4":17,"5":7,"6":5,"7":2,"8":1,"9":1,"10":2},"f":{"0":47,"1":24},"b":{"0":[17,7],"1":[5,2],"2":[7,6],"3":[1]}}
,"/Users/sblavicki/Code/felony-auth/src/error/ValidationError.ts": {"path":"/Users/sblavicki/Code/felony-auth/src/error/ValidationError.ts","statementMap":{"0":{"start":{"line":10,"column":4},"end":{"line":10,"column":null}},"1":{"start":{"line":5,"column":9},"end":{"line":5,"column":null}},"2":{"start":{"line":6,"column":9},"end":{"line":6,"column":null}},"3":{"start":{"line":20,"column":18},"end":{"line":20,"column":72}},"4":{"start":{"line":22,"column":4},"end":{"line":22,"column":null}},"5":{"start":{"line":24,"column":4},"end":{"line":24,"column":null}},"6":{"start":{"line":33,"column":4},"end":{"line":37,"column":null}},"7":{"start":{"line":34,"column":6},"end":{"line":36,"column":null}},"8":{"start":{"line":35,"column":8},"end":{"line":35,"column":null}},"9":{"start":{"line":39,"column":4},"end":{"line":39,"column":null}},"10":{"start":{"line":4,"column":0},"end":{"line":4,"column":13}},"11":{"start":{"line":48,"column":9},"end":{"line":48,"column":null}},"12":{"start":{"line":51,"column":4},"end":{"line":51,"column":null}},"13":{"start":{"line":60,"column":4},"end":{"line":60,"column":null}},"14":{"start":{"line":69,"column":4},"end":{"line":69,"column":null}},"15":{"start":{"line":46,"column":0},"end":{"line":46,"column":13}}},"fnMap":{"0":{"name":"(anonymous_0)","decl":{"start":{"line":9,"column":2},"end":{"line":9,"column":null}},"loc":{"start":{"line":9,"column":2},"end":{"line":11,"column":3}}},"1":{"name":"(anonymous_1)","decl":{"start":{"line":19,"column":2},"end":{"line":19,"column":10}},"loc":{"start":{"line":19,"column":40},"end":{"line":25,"column":3}}},"2":{"name":"(anonymous_2)","decl":{"start":{"line":32,"column":2},"end":{"line":32,"column":11}},"loc":{"start":{"line":32,"column":11},"end":{"line":40,"column":3}}},"3":{"name":"(anonymous_3)","decl":{"start":{"line":50,"column":2},"end":{"line":50,"column":15}},"loc":{"start":{"line":50,"column":27},"end":{"line":52,"column":3}}},"4":{"name":"(anonymous_4)","decl":{"start":{"line":59,"column":2},"end":{"line":59,"column":10}},"loc":{"start":{"line":59,"column":25},"end":{"line":61,"column":3}}},"5":{"name":"(anonymous_5)","decl":{"start":{"line":68,"column":2},"end":{"line":68,"column":9}},"loc":{"start":{"line":68,"column":9},"end":{"line":70,"column":3}}}},"branchMap":{"0":{"loc":{"start":{"line":20,"column":18},"end":{"line":20,"column":72}},"type":"cond-expr","locations":[{"start":{"line":20,"column":42},"end":{"line":20,"column":46}},{"start":{"line":20,"column":46},"end":{"line":20,"column":72}}]},"1":{"loc":{"start":{"line":20,"column":18},"end":{"line":20,"column":46}},"type":"binary-expr","locations":[{"start":{"line":20,"column":18},"end":{"line":20,"column":46}},{"start":{"line":20,"column":42},"end":{"line":20,"column":46}}]},"2":{"loc":{"start":{"line":34,"column":6},"end":{"line":36,"column":null}},"type":"if","locations":[{"start":{"line":34,"column":6},"end":{"line":36,"column":null}}]}},"s":{"0":72,"1":72,"2":72,"3":28,"4":28,"5":28,"6":51,"7":13,"8":10,"9":41,"10":8,"11":34,"12":34,"13":30,"14":17,"15":8},"f":{"0":72,"1":28,"2":51,"3":34,"4":30,"5":17},"b":{"0":[1,27],"1":[28,28],"2":[10]}}
,"/Users/sblavicki/Code/felony-auth/src/providers/two-factor/TOTPTwoFactorProvider.ts": {"path":"/Users/sblavicki/Code/felony-auth/src/providers/two-factor/TOTPTwoFactorProvider.ts","statementMap":{"0":{"start":{"line":1,"column":0},"end":{"line":1,"column":38}},"1":{"start":{"line":2,"column":0},"end":{"line":2,"column":27}},"2":{"start":{"line":6,"column":0},"end":{"line":6,"column":69}},"3":{"start":{"line":18,"column":2},"end":{"line":18,"column":null}},"4":{"start":{"line":26,"column":4},"end":{"line":26,"column":null}},"5":{"start":{"line":36,"column":19},"end":{"line":36,"column":49}},"6":{"start":{"line":38,"column":48},"end":{"line":42,"column":null}},"7":{"start":{"line":44,"column":4},"end":{"line":44,"column":null}},"8":{"start":{"line":54,"column":4},"end":{"line":54,"column":null}},"9":{"start":{"line":65,"column":4},"end":{"line":67,"column":null}},"10":{"start":{"line":66,"column":6},"end":{"line":66,"column":null}},"11":{"start":{"line":12,"column":0},"end":{"line":12,"column":13}}},"fnMap":{"0":{"name":"(anonymous_8)","decl":{"start":{"line":12,"column":0},"end":{"line":12,"column":13}},"loc":{"start":{"line":12,"column":0},"end":{"line":69,"column":1}}},"1":{"name":"(anonymous_9)","decl":{"start":{"line":25,"column":2},"end":{"line":25,"column":12}},"loc":{"start":{"line":25,"column":44},"end":{"line":27,"column":3}}},"2":{"name":"(anonymous_10)","decl":{"start":{"line":35,"column":2},"end":{"line":35,"column":26}},"loc":{"start":{"line":35,"column":51},"end":{"line":45,"column":3}}},"3":{"name":"(anonymous_11)","decl":{"start":{"line":53,"column":8},"end":{"line":53,"column":22}},"loc":{"start":{"line":53,"column":56},"end":{"line":55,"column":null}}},"4":{"name":"(anonymous_13)","decl":{"start":{"line":64,"column":2},"end":{"line":64,"column":8}},"loc":{"start":{"line":64,"column":57},"end":{"line":68,"column":3}}}},"branchMap":{"0":{"loc":{"start":{"line":65,"column":4},"end":{"line":67,"column":null}},"type":"if","locations":[{"start":{"line":65,"column":4},"end":{"line":67,"column":null}}]}},"s":{"0":2,"1":2,"2":2,"3":51,"4":1,"5":14,"6":14,"7":14,"8":12,"9":5,"10":1,"11":2},"f":{"0":51,"1":1,"2":14,"3":12,"4":5},"b":{"0":[1]}}
,"/Users/sblavicki/Code/felony-auth/src/storage/postgres/PostgresAdapter.ts": {"path":"/Users/sblavicki/Code/felony-auth/src/storage/postgres/PostgresAdapter.ts","statementMap":{"0":{"start":{"line":1,"column":0},"end":{"line":1,"column":48}},"1":{"start":{"line":2,"column":0},"end":{"line":2,"column":27}},"2":{"start":{"line":6,"column":0},"end":{"line":6,"column":39}},"3":{"start":{"line":7,"column":0},"end":{"line":7,"column":62}},"4":{"start":{"line":8,"column":0},"end":{"line":8,"column":69}},"5":{"start":{"line":29,"column":4},"end":{"line":29,"column":null}},"6":{"start":{"line":38,"column":4},"end":{"line":38,"column":null}},"7":{"start":{"line":48,"column":4},"end":{"line":53,"column":null}},"8":{"start":{"line":55,"column":4},"end":{"line":55,"column":null}},"9":{"start":{"line":65,"column":4},"end":{"line":68,"column":null}},"10":{"start":{"line":70,"column":4},"end":{"line":70,"column":null}},"11":{"start":{"line":81,"column":27},"end":{"line":81,"column":66}},"12":{"start":{"line":83,"column":58},"end":{"line":92,"column":6}},"13":{"start":{"line":94,"column":4},"end":{"line":98,"column":null}},"14":{"start":{"line":95,"column":31},"end":{"line":95,"column":53}},"15":{"start":{"line":96,"column":6},"end":{"line":96,"column":null}},"16":{"start":{"line":97,"column":6},"end":{"line":97,"column":null}},"17":{"start":{"line":100,"column":4},"end":{"line":100,"column":null}},"18":{"start":{"line":111,"column":67},"end":{"line":118,"column":6}},"19":{"start":{"line":120,"column":4},"end":{"line":124,"column":null}},"20":{"start":{"line":121,"column":31},"end":{"line":121,"column":53}},"21":{"start":{"line":122,"column":6},"end":{"line":122,"column":null}},"22":{"start":{"line":123,"column":6},"end":{"line":123,"column":null}},"23":{"start":{"line":126,"column":4},"end":{"line":126,"column":null}},"24":{"start":{"line":137,"column":17},"end":{"line":142,"column":6}},"25":{"start":{"line":144,"column":4},"end":{"line":148,"column":null}},"26":{"start":{"line":145,"column":31},"end":{"line":145,"column":53}},"27":{"start":{"line":146,"column":6},"end":{"line":146,"column":null}},"28":{"start":{"line":147,"column":6},"end":{"line":147,"column":null}},"29":{"start":{"line":150,"column":19},"end":{"line":150,"column":72}},"30":{"start":{"line":152,"column":4},"end":{"line":154,"column":null}},"31":{"start":{"line":153,"column":6},"end":{"line":153,"column":null}},"32":{"start":{"line":156,"column":40},"end":{"line":156,"column":44}},"33":{"start":{"line":158,"column":4},"end":{"line":158,"column":null}},"34":{"start":{"line":169,"column":17},"end":{"line":171,"column":6}},"35":{"start":{"line":173,"column":4},"end":{"line":177,"column":null}},"36":{"start":{"line":174,"column":31},"end":{"line":174,"column":53}},"37":{"start":{"line":175,"column":6},"end":{"line":175,"column":null}},"38":{"start":{"line":176,"column":6},"end":{"line":176,"column":null}},"39":{"start":{"line":179,"column":40},"end":{"line":179,"column":44}},"40":{"start":{"line":181,"column":4},"end":{"line":181,"column":null}},"41":{"start":{"line":192,"column":17},"end":{"line":192,"column":52}},"42":{"start":{"line":194,"column":4},"end":{"line":198,"column":null}},"43":{"start":{"line":195,"column":31},"end":{"line":195,"column":53}},"44":{"start":{"line":196,"column":6},"end":{"line":196,"column":null}},"45":{"start":{"line":197,"column":6},"end":{"line":197,"column":null}},"46":{"start":{"line":200,"column":40},"end":{"line":200,"column":44}},"47":{"start":{"line":202,"column":4},"end":{"line":202,"column":null}},"48":{"start":{"line":213,"column":17},"end":{"line":215,"column":6}},"49":{"start":{"line":217,"column":4},"end":{"line":221,"column":null}},"50":{"start":{"line":218,"column":31},"end":{"line":218,"column":53}},"51":{"start":{"line":219,"column":6},"end":{"line":219,"column":null}},"52":{"start":{"line":220,"column":6},"end":{"line":220,"column":null}},"53":{"start":{"line":223,"column":40},"end":{"line":223,"column":44}},"54":{"start":{"line":225,"column":4},"end":{"line":225,"column":null}},"55":{"start":{"line":236,"column":54},"end":{"line":238,"column":6}},"56":{"start":{"line":240,"column":4},"end":{"line":244,"column":null}},"57":{"start":{"line":241,"column":31},"end":{"line":241,"column":53}},"58":{"start":{"line":242,"column":6},"end":{"line":242,"column":null}},"59":{"start":{"line":243,"column":6},"end":{"line":243,"column":null}},"60":{"start":{"line":246,"column":4},"end":{"line":246,"column":null}},"61":{"start":{"line":257,"column":17},"end":{"line":262,"column":6}},"62":{"start":{"line":264,"column":4},"end":{"line":268,"column":null}},"63":{"start":{"line":265,"column":31},"end":{"line":265,"column":53}},"64":{"start":{"line":266,"column":6},"end":{"line":266,"column":null}},"65":{"start":{"line":267,"column":6},"end":{"line":267,"column":null}},"66":{"start":{"line":270,"column":29},"end":{"line":270,"column":31}},"67":{"start":{"line":272,"column":4},"end":{"line":274,"column":null}},"68":{"start":{"line":273,"column":6},"end":{"line":273,"column":null}},"69":{"start":{"line":276,"column":4},"end":{"line":276,"column":null}},"70":{"start":{"line":289,"column":17},"end":{"line":291,"column":6}},"71":{"start":{"line":293,"column":4},"end":{"line":297,"column":null}},"72":{"start":{"line":294,"column":31},"end":{"line":294,"column":53}},"73":{"start":{"line":295,"column":6},"end":{"line":295,"column":null}},"74":{"start":{"line":296,"column":6},"end":{"line":296,"column":null}},"75":{"start":{"line":299,"column":19},"end":{"line":299,"column":67}},"76":{"start":{"line":301,"column":4},"end":{"line":303,"column":null}},"77":{"start":{"line":302,"column":6},"end":{"line":302,"column":null}},"78":{"start":{"line":305,"column":30},"end":{"line":305,"column":64}},"79":{"start":{"line":307,"column":4},"end":{"line":310,"column":null}},"80":{"start":{"line":20,"column":0},"end":{"line":20,"column":13}}},"fnMap":{"0":{"name":"(anonymous_8)","decl":{"start":{"line":28,"column":2},"end":{"line":28,"column":13}},"loc":{"start":{"line":28,"column":19},"end":{"line":30,"column":3}}},"1":{"name":"(anonymous_9)","decl":{"start":{"line":37,"column":2},"end":{"line":37,"column":12}},"loc":{"start":{"line":37,"column":44},"end":{"line":39,"column":3}}},"2":{"name":"(anonymous_10)","decl":{"start":{"line":47,"column":8},"end":{"line":47,"column":41}},"loc":{"start":{"line":47,"column":73},"end":{"line":56,"column":null}}},"3":{"name":"(anonymous_12)","decl":{"start":{"line":64,"column":8},"end":{"line":64,"column":43}},"loc":{"start":{"line":64,"column":66},"end":{"line":71,"column":null}}},"4":{"name":"(anonymous_14)","decl":{"start":{"line":80,"column":8},"end":{"line":80,"column":16}},"loc":{"start":{"line":80,"column":43},"end":{"line":101,"column":null}}},"5":{"name":"(anonymous_16)","decl":{"start":{"line":110,"column":8},"end":{"line":110,"column":29}},"loc":{"start":{"line":110,"column":65},"end":{"line":127,"column":null}}},"6":{"name":"(anonymous_18)","decl":{"start":{"line":136,"column":8},"end":{"line":136,"column":13}},"loc":{"start":{"line":136,"column":33},"end":{"line":159,"column":null}}},"7":{"name":"(anonymous_20)","decl":{"start":{"line":168,"column":8},"end":{"line":168,"column":22}},"loc":{"start":{"line":168,"column":37},"end":{"line":182,"column":null}}},"8":{"name":"(anonymous_22)","decl":{"start":{"line":191,"column":8},"end":{"line":191,"column":19}},"loc":{"start":{"line":191,"column":31},"end":{"line":203,"column":null}}},"9":{"name":"(anonymous_24)","decl":{"start":{"line":212,"column":8},"end":{"line":212,"column":25}},"loc":{"start":{"line":212,"column":43},"end":{"line":226,"column":null}}},"10":{"name":"(anonymous_26)","decl":{"start":{"line":235,"column":8},"end":{"line":235,"column":24}},"loc":{"start":{"line":235,"column":49},"end":{"line":247,"column":null}}},"11":{"name":"(anonymous_28)","decl":{"start":{"line":256,"column":8},"end":{"line":256,"column":41}},"loc":{"start":{"line":256,"column":56},"end":{"line":277,"column":null}}},"12":{"name":"(anonymous_30)","decl":{"start":{"line":272,"column":32},"end":{"line":272,"column":33}},"loc":{"start":{"line":272,"column":66},"end":{"line":274,"column":5}}},"13":{"name":"(anonymous_31)","decl":{"start":{"line":288,"column":8},"end":{"line":288,"column":22}},"loc":{"start":{"line":288,"column":79},"end":{"line":311,"column":null}}}},"branchMap":{"0":{"loc":{"start":{"line":94,"column":4},"end":{"line":98,"column":null}},"type":"if","locations":[{"start":{"line":94,"column":4},"end":{"line":98,"column":null}}]},"1":{"loc":{"start":{"line":120,"column":4},"end":{"line":124,"column":null}},"type":"if","locations":[{"start":{"line":120,"column":4},"end":{"line":124,"column":null}}]},"2":{"loc":{"start":{"line":144,"column":4},"end":{"line":148,"column":null}},"type":"if","locations":[{"start":{"line":144,"column":4},"end":{"line":148,"column":null}}]},"3":{"loc":{"start":{"line":152,"column":4},"end":{"line":154,"column":null}},"type":"if","locations":[{"start":{"line":152,"column":4},"end":{"line":154,"column":null}}]},"4":{"loc":{"start":{"line":173,"column":4},"end":{"line":177,"column":null}},"type":"if","locations":[{"start":{"line":173,"column":4},"end":{"line":177,"column":null}}]},"5":{"loc":{"start":{"line":194,"column":4},"end":{"line":198,"column":null}},"type":"if","locations":[{"start":{"line":194,"column":4},"end":{"line":198,"column":null}}]},"6":{"loc":{"start":{"line":217,"column":4},"end":{"line":221,"column":null}},"type":"if","locations":[{"start":{"line":217,"column":4},"end":{"line":221,"column":null}}]},"7":{"loc":{"start":{"line":240,"column":4},"end":{"line":244,"column":null}},"type":"if","locations":[{"start":{"line":240,"column":4},"end":{"line":244,"column":null}}]},"8":{"loc":{"start":{"line":264,"column":4},"end":{"line":268,"column":null}},"type":"if","locations":[{"start":{"line":264,"column":4},"end":{"line":268,"column":null}}]},"9":{"loc":{"start":{"line":293,"column":4},"end":{"line":297,"column":null}},"type":"if","locations":[{"start":{"line":293,"column":4},"end":{"line":297,"column":null}}]},"10":{"loc":{"start":{"line":301,"column":4},"end":{"line":303,"column":null}},"type":"if","locations":[{"start":{"line":301,"column":4},"end":{"line":303,"column":null}}]}},"s":{"0":5,"1":5,"2":5,"3":5,"4":5,"5":1,"6":47,"7":1,"8":1,"9":87,"10":87,"11":45,"12":45,"13":42,"14":1,"15":1,"16":1,"17":41,"18":21,"19":19,"20":1,"21":1,"22":1,"23":18,"24":19,"25":19,"26":2,"27":2,"28":2,"29":17,"30":17,"31":1,"32":16,"33":16,"34":3,"35":3,"36":2,"37":2,"38":2,"39":1,"40":1,"41":3,"42":2,"43":1,"44":1,"45":1,"46":1,"47":1,"48":3,"49":3,"50":2,"51":2,"52":2,"53":1,"54":1,"55":10,"56":9,"57":1,"58":1,"59":1,"60":8,"61":4,"62":4,"63":1,"64":1,"65":1,"66":3,"67":3,"68":1,"69":3,"70":4,"71":4,"72":1,"73":1,"74":1,"75":3,"76":3,"77":1,"78":2,"79":2,"80":5},"f":{"0":1,"1":47,"2":1,"3":87,"4":45,"5":21,"6":19,"7":3,"8":3,"9":3,"10":10,"11":4,"12":1,"13":4},"b":{"0":[1],"1":[1],"2":[2],"3":[1],"4":[2],"5":[1],"6":[2],"7":[1],"8":[1],"9":[1],"10":[1]}}
,"/Users/sblavicki/Code/felony-auth/src/storage/postgres/db/models/Models.ts": {"path":"/Users/sblavicki/Code/felony-auth/src/storage/postgres/db/models/Models.ts","statementMap":{"0":{"start":{"line":2,"column":0},"end":{"line":2,"column":25}},"1":{"start":{"line":3,"column":0},"end":{"line":3,"column":45}},"2":{"start":{"line":13,"column":4},"end":{"line":13,"column":null}},"3":{"start":{"line":14,"column":4},"end":{"line":14,"column":null}},"4":{"start":{"line":16,"column":4},"end":{"line":16,"column":null}},"5":{"start":{"line":17,"column":4},"end":{"line":17,"column":null}},"6":{"start":{"line":21,"column":0},"end":{"line":21,"column":null}}},"fnMap":{"0":{"name":"(anonymous_1)","decl":{"start":{"line":12,"column":2},"end":{"line":12,"column":15}},"loc":{"start":{"line":12,"column":45},"end":{"line":18,"column":3}}}},"branchMap":{},"s":{"0":5,"1":5,"2":89,"3":89,"4":89,"5":89,"6":5},"f":{"0":89},"b":{}}
,"/Users/sblavicki/Code/felony-auth/src/storage/postgres/db/models/two_factor_user.ts": {"path":"/Users/sblavicki/Code/felony-auth/src/storage/postgres/db/models/two_factor_user.ts","statementMap":{"0":{"start":{"line":2,"column":0},"end":{"line":2,"column":41}},"1":{"start":{"line":13,"column":0},"end":{"line":82,"column":null}},"2":{"start":{"line":23,"column":2},"end":{"line":80,"column":null}},"3":{"start":{"line":81,"column":2},"end":{"line":81,"column":null}}},"fnMap":{"0":{"name":"(anonymous_0)","decl":{"start":{"line":13,"column":15},"end":{"line":13,"column":16}},"loc":{"start":{"line":13,"column":55},"end":{"line":82,"column":1}}}},"branchMap":{},"s":{"0":5,"1":5,"2":89,"3":89},"f":{"0":89},"b":{}}
,"/Users/sblavicki/Code/felony-auth/src/storage/postgres/db/models/user.ts": {"path":"/Users/sblavicki/Code/felony-auth/src/storage/postgres/db/models/user.ts","statementMap":{"0":{"start":{"line":2,"column":0},"end":{"line":2,"column":41}},"1":{"start":{"line":15,"column":0},"end":{"line":95,"column":null}},"2":{"start":{"line":27,"column":2},"end":{"line":93,"column":null}},"3":{"start":{"line":94,"column":2},"end":{"line":94,"column":null}}},"fnMap":{"0":{"name":"(anonymous_0)","decl":{"start":{"line":15,"column":15},"end":{"line":15,"column":16}},"loc":{"start":{"line":15,"column":55},"end":{"line":95,"column":1}}}},"branchMap":{},"s":{"0":5,"1":5,"2":89,"3":89},"f":{"0":89},"b":{}}
,"/Users/sblavicki/Code/felony-auth/src/validation/DefaultValidationAdapter.ts": {"path":"/Users/sblavicki/Code/felony-auth/src/validation/DefaultValidationAdapter.ts","statementMap":{"0":{"start":{"line":1,"column":0},"end":{"line":1,"column":33}},"1":{"start":{"line":5,"column":0},"end":{"line":5,"column":59}},"2":{"start":{"line":24,"column":4},"end":{"line":24,"column":null}},"3":{"start":{"line":34,"column":29},"end":{"line":34,"column":51}},"4":{"start":{"line":35,"column":4},"end":{"line":37,"column":null}},"5":{"start":{"line":36,"column":6},"end":{"line":36,"column":null}},"6":{"start":{"line":39,"column":4},"end":{"line":41,"column":null}},"7":{"start":{"line":40,"column":6},"end":{"line":40,"column":null}},"8":{"start":{"line":43,"column":4},"end":{"line":45,"column":null}},"9":{"start":{"line":44,"column":6},"end":{"line":44,"column":null}},"10":{"start":{"line":55,"column":29},"end":{"line":55,"column":51}},"11":{"start":{"line":56,"column":4},"end":{"line":58,"column":null}},"12":{"start":{"line":57,"column":6},"end":{"line":57,"column":null}},"13":{"start":{"line":60,"column":4},"end":{"line":62,"column":null}},"14":{"start":{"line":61,"column":6},"end":{"line":61,"column":null}},"15":{"start":{"line":64,"column":4},"end":{"line":66,"column":null}},"16":{"start":{"line":65,"column":6},"end":{"line":65,"column":null}},"17":{"start":{"line":15,"column":0},"end":{"line":15,"column":13}}},"fnMap":{"0":{"name":"(anonymous_1)","decl":{"start":{"line":23,"column":2},"end":{"line":23,"column":12}},"loc":{"start":{"line":23,"column":44},"end":{"line":25,"column":3}}},"1":{"name":"(anonymous_2)","decl":{"start":{"line":33,"column":2},"end":{"line":33,"column":14}},"loc":{"start":{"line":33,"column":41},"end":{"line":46,"column":3}}},"2":{"name":"(anonymous_3)","decl":{"start":{"line":54,"column":2},"end":{"line":54,"column":7}},"loc":{"start":{"line":54,"column":27},"end":{"line":67,"column":3}}}},"branchMap":{"0":{"loc":{"start":{"line":35,"column":4},"end":{"line":37,"column":null}},"type":"if","locations":[{"start":{"line":35,"column":4},"end":{"line":37,"column":null}}]},"1":{"loc":{"start":{"line":39,"column":4},"end":{"line":41,"column":null}},"type":"if","locations":[{"start":{"line":39,"column":4},"end":{"line":41,"column":null}}]},"2":{"loc":{"start":{"line":43,"column":4},"end":{"line":45,"column":null}},"type":"if","locations":[{"start":{"line":43,"column":4},"end":{"line":45,"column":null}}]},"3":{"loc":{"start":{"line":56,"column":4},"end":{"line":58,"column":null}},"type":"if","locations":[{"start":{"line":56,"column":4},"end":{"line":58,"column":null}}]},"4":{"loc":{"start":{"line":60,"column":4},"end":{"line":62,"column":null}},"type":"if","locations":[{"start":{"line":60,"column":4},"end":{"line":62,"column":null}}]},"5":{"loc":{"start":{"line":64,"column":4},"end":{"line":66,"column":null}},"type":"if","locations":[{"start":{"line":64,"column":4},"end":{"line":66,"column":null}}]}},"s":{"0":2,"1":2,"2":48,"3":33,"4":33,"5":3,"6":30,"7":3,"8":30,"9":4,"10":20,"11":20,"12":3,"13":17,"14":3,"15":17,"16":4,"17":2},"f":{"0":48,"1":33,"2":20},"b":{"0":[3],"1":[3],"2":[4],"3":[3],"4":[3],"5":[4]}}
}
