TN:
SF:src/Authentication.ts
FN:15,(anonymous_7)
FN:26,(anonymous_8)
FN:33,(anonymous_9)
FN:41,(anonymous_10)
FN:48,(anonymous_11)
FN:56,(anonymous_12)
FN:63,(anonymous_13)
FN:71,(anonymous_14)
FN:78,(anonymous_15)
FN:86,(anonymous_16)
FN:93,(anonymous_17)
FN:100,(anonymous_18)
FN:107,(anonymous_19)
FN:116,(anonymous_20)
FN:127,(anonymous_21)
FN:145,(anonymous_22)
FN:171,(anonymous_24)
FN:194,(anonymous_26)
FN:201,(anonymous_28)
FN:217,(anonymous_29)
FN:240,(anonymous_31)
FN:258,(anonymous_33)
FN:274,(anonymous_35)
FN:291,(anonymous_37)
FN:304,(anonymous_39)
FN:315,(anonymous_41)
FN:330,(anonymous_43)
FN:346,(anonymous_45)
FN:361,(anonymous_47)
FN:376,(anonymous_49)
FNF:30
FNH:30
FNDA:49,(anonymous_7)
FNDA:4,(anonymous_8)
FNDA:47,(anonymous_9)
FNDA:19,(anonymous_10)
FNDA:47,(anonymous_11)
FNDA:56,(anonymous_12)
FNDA:47,(anonymous_13)
FNDA:30,(anonymous_14)
FNDA:47,(anonymous_15)
FNDA:2,(anonymous_16)
FNDA:1,(anonymous_17)
FNDA:3,(anonymous_18)
FNDA:1,(anonymous_19)
FNDA:46,(anonymous_20)
FNDA:52,(anonymous_21)
FNDA:26,(anonymous_22)
FNDA:13,(anonymous_24)
FNDA:6,(anonymous_26)
FNDA:4,(anonymous_28)
FNDA:14,(anonymous_29)
FNDA:6,(anonymous_31)
FNDA:4,(anonymous_33)
FNDA:3,(anonymous_35)
FNDA:2,(anonymous_37)
FNDA:1,(anonymous_39)
FNDA:4,(anonymous_41)
FNDA:2,(anonymous_43)
FNDA:2,(anonymous_45)
FNDA:6,(anonymous_47)
FNDA:2,(anonymous_49)
DA:7,3
DA:15,3
DA:21,49
DA:27,4
DA:34,47
DA:35,47
DA:42,19
DA:49,47
DA:50,47
DA:57,56
DA:64,47
DA:65,47
DA:72,30
DA:79,47
DA:80,47
DA:87,2
DA:94,1
DA:101,3
DA:108,1
DA:117,46
DA:128,52
DA:130,52
DA:131,1
DA:135,51
DA:146,26
DA:147,26
DA:149,25
DA:150,24
DA:152,24
DA:153,7
DA:154,6
DA:155,6
DA:158,23
DA:160,3
DA:172,13
DA:173,13
DA:175,12
DA:177,11
DA:178,1
DA:181,11
DA:182,11
DA:184,2
DA:195,6
DA:196,1
DA:199,5
DA:201,5
DA:203,5
DA:204,2
DA:207,3
DA:218,14
DA:219,14
DA:221,14
DA:223,13
DA:225,12
DA:227,11
DA:229,3
DA:241,6
DA:242,6
DA:244,5
DA:246,2
DA:259,4
DA:260,4
DA:261,4
DA:263,1
DA:275,3
DA:276,3
DA:277,2
DA:278,2
DA:280,2
DA:292,2
DA:293,2
DA:295,1
DA:305,1
DA:316,4
DA:317,4
DA:319,1
DA:331,2
DA:332,2
DA:334,1
DA:347,2
DA:348,2
DA:350,1
DA:362,6
DA:363,6
DA:365,1
DA:377,2
DA:378,2
DA:380,1
LF:88
LH:88
BRDA:130,0,0,1
BRDA:130,1,0,52
BRDA:130,1,1,51
BRDA:152,2,0,7
BRDA:152,3,0,24
BRDA:152,3,1,7
BRDA:177,4,0,1
BRDA:195,5,0,1
BRDA:195,6,0,6
BRDA:195,6,1,5
BRDA:203,7,0,2
BRF:11
BRH:11
end_of_record
TN:
SF:src/cache/redis/RedisAdapter.ts
FN:24,(anonymous_7)
FN:33,(anonymous_8)
FN:46,(anonymous_10)
FN:61,(anonymous_12)
FN:73,(anonymous_14)
FN:89,(anonymous_16)
FN:99,(anonymous_18)
FNF:7
FNH:7
FNDA:47,(anonymous_7)
FNDA:56,(anonymous_8)
FNDA:2,(anonymous_10)
FNDA:17,(anonymous_12)
FNDA:16,(anonymous_14)
FNDA:3,(anonymous_16)
FNDA:3,(anonymous_18)
DA:1,2
DA:6,2
DA:7,2
DA:15,2
DA:25,47
DA:34,56
DA:38,55
DA:47,2
DA:52,2
DA:62,17
DA:63,17
DA:64,17
DA:74,16
DA:75,16
DA:76,3
DA:79,13
DA:81,13
DA:90,3
DA:100,3
DA:101,3
DA:102,1
LF:21
LH:21
BRDA:75,0,0,3
BRDA:101,1,0,1
BRF:2
BRH:2
end_of_record
TN:
SF:src/cache/redis/RedisSession.ts
FN:16,(anonymous_0)
FN:27,(anonymous_1)
FN:36,(anonymous_2)
FN:45,(anonymous_3)
FNF:4
FNH:4
FNDA:19,(anonymous_0)
FNDA:35,(anonymous_1)
FNDA:1,(anonymous_2)
FNDA:1,(anonymous_3)
DA:1,3
DA:11,3
DA:17,19
DA:18,19
DA:19,19
DA:28,35
DA:37,1
DA:46,1
LF:8
LH:8
BRF:0
BRH:0
end_of_record
TN:
SF:src/error/AuthenticationError.ts
FN:8,(anonymous_0)
FNF:1
FNH:1
FNDA:34,(anonymous_0)
DA:4,10
DA:9,34
DA:10,34
DA:11,34
DA:12,34
LF:5
LH:5
BRDA:8,0,0,1
BRDA:10,1,0,32
BRDA:10,1,1,2
BRDA:10,2,0,34
BRDA:10,2,1,34
BRDA:11,3,0,32
BRDA:11,3,1,2
BRDA:11,4,0,34
BRDA:11,4,1,34
BRF:9
BRH:9
end_of_record
TN:
SF:src/error/DefaultErrorAdapter.ts
FN:21,(anonymous_0)
FN:31,(anonymous_1)
FNF:2
FNH:2
FNDA:47,(anonymous_0)
FNDA:24,(anonymous_1)
DA:3,2
DA:4,2
DA:13,2
DA:22,47
DA:32,24
DA:33,17
DA:34,7
DA:35,5
DA:36,2
DA:37,1
DA:40,1
LF:11
LH:11
BRDA:32,0,0,17
BRDA:32,0,1,7
BRDA:34,1,0,5
BRDA:34,1,1,2
BRDA:34,2,0,7
BRDA:34,2,1,6
BRDA:36,3,0,1
BRF:7
BRH:7
end_of_record
TN:
SF:src/error/ValidationError.ts
FN:9,(anonymous_0)
FN:19,(anonymous_1)
FN:32,(anonymous_2)
FN:50,(anonymous_3)
FN:59,(anonymous_4)
FN:68,(anonymous_5)
FNF:6
FNH:6
FNDA:72,(anonymous_0)
FNDA:28,(anonymous_1)
FNDA:51,(anonymous_2)
FNDA:34,(anonymous_3)
FNDA:30,(anonymous_4)
FNDA:17,(anonymous_5)
DA:4,8
DA:5,72
DA:6,72
DA:10,72
DA:20,28
DA:22,28
DA:24,28
DA:33,51
DA:34,13
DA:35,10
DA:39,41
DA:46,8
DA:48,34
DA:51,34
DA:60,30
DA:69,17
LF:16
LH:16
BRDA:20,0,0,1
BRDA:20,0,1,27
BRDA:20,1,0,28
BRDA:20,1,1,28
BRDA:34,2,0,10
BRF:5
BRH:5
end_of_record
TN:
SF:src/providers/two-factor/TOTPTwoFactorProvider.ts
FN:12,(anonymous_8)
FN:25,(anonymous_9)
FN:35,(anonymous_10)
FN:53,(anonymous_11)
FN:64,(anonymous_13)
FNF:5
FNH:5
FNDA:51,(anonymous_8)
FNDA:1,(anonymous_9)
FNDA:14,(anonymous_10)
FNDA:12,(anonymous_11)
FNDA:5,(anonymous_13)
DA:1,2
DA:2,2
DA:6,2
DA:12,2
DA:18,51
DA:26,1
DA:36,14
DA:38,14
DA:44,14
DA:54,12
DA:65,5
DA:66,1
LF:12
LH:12
BRDA:65,0,0,1
BRF:1
BRH:1
end_of_record
TN:
SF:src/storage/postgres/PostgresAdapter.ts
FN:28,(anonymous_8)
FN:37,(anonymous_9)
FN:47,(anonymous_10)
FN:64,(anonymous_12)
FN:80,(anonymous_14)
FN:110,(anonymous_16)
FN:136,(anonymous_18)
FN:168,(anonymous_20)
FN:191,(anonymous_22)
FN:212,(anonymous_24)
FN:235,(anonymous_26)
FN:256,(anonymous_28)
FN:272,(anonymous_30)
FN:288,(anonymous_31)
FNF:14
FNH:14
FNDA:1,(anonymous_8)
FNDA:47,(anonymous_9)
FNDA:1,(anonymous_10)
FNDA:87,(anonymous_12)
FNDA:45,(anonymous_14)
FNDA:21,(anonymous_16)
FNDA:19,(anonymous_18)
FNDA:3,(anonymous_20)
FNDA:3,(anonymous_22)
FNDA:3,(anonymous_24)
FNDA:10,(anonymous_26)
FNDA:4,(anonymous_28)
FNDA:1,(anonymous_30)
FNDA:4,(anonymous_31)
DA:1,5
DA:2,5
DA:6,5
DA:7,5
DA:8,5
DA:20,5
DA:29,1
DA:38,47
DA:48,1
DA:55,1
DA:65,87
DA:70,87
DA:81,45
DA:83,45
DA:94,42
DA:95,1
DA:96,1
DA:97,1
DA:100,41
DA:111,21
DA:120,19
DA:121,1
DA:122,1
DA:123,1
DA:126,18
DA:137,19
DA:144,19
DA:145,2
DA:146,2
DA:147,2
DA:150,17
DA:152,17
DA:153,1
DA:156,16
DA:158,16
DA:169,3
DA:173,3
DA:174,2
DA:175,2
DA:176,2
DA:179,1
DA:181,1
DA:192,3
DA:194,2
DA:195,1
DA:196,1
DA:197,1
DA:200,1
DA:202,1
DA:213,3
DA:217,3
DA:218,2
DA:219,2
DA:220,2
DA:223,1
DA:225,1
DA:236,10
DA:240,9
DA:241,1
DA:242,1
DA:243,1
DA:246,8
DA:257,4
DA:264,4
DA:265,1
DA:266,1
DA:267,1
DA:270,3
DA:272,3
DA:273,1
DA:276,3
DA:289,4
DA:293,4
DA:294,1
DA:295,1
DA:296,1
DA:299,3
DA:301,3
DA:302,1
DA:305,2
DA:307,2
LF:81
LH:81
BRDA:94,0,0,1
BRDA:120,1,0,1
BRDA:144,2,0,2
BRDA:152,3,0,1
BRDA:173,4,0,2
BRDA:194,5,0,1
BRDA:217,6,0,2
BRDA:240,7,0,1
BRDA:264,8,0,1
BRDA:293,9,0,1
BRDA:301,10,0,1
BRF:11
BRH:11
end_of_record
TN:
SF:src/storage/postgres/db/models/Models.ts
FN:12,(anonymous_1)
FNF:1
FNH:1
FNDA:89,(anonymous_1)
DA:2,5
DA:3,5
DA:13,89
DA:14,89
DA:16,89
DA:17,89
DA:21,5
LF:7
LH:7
BRF:0
BRH:0
end_of_record
TN:
SF:src/storage/postgres/db/models/two_factor_user.ts
FN:13,(anonymous_0)
FNF:1
FNH:1
FNDA:89,(anonymous_0)
DA:2,5
DA:13,5
DA:23,89
DA:81,89
LF:4
LH:4
BRF:0
BRH:0
end_of_record
TN:
SF:src/storage/postgres/db/models/user.ts
FN:15,(anonymous_0)
FNF:1
FNH:1
FNDA:89,(anonymous_0)
DA:2,5
DA:15,5
DA:27,89
DA:94,89
LF:4
LH:4
BRF:0
BRH:0
end_of_record
TN:
SF:src/validation/DefaultValidationAdapter.ts
FN:23,(anonymous_1)
FN:33,(anonymous_2)
FN:54,(anonymous_3)
FNF:3
FNH:3
FNDA:48,(anonymous_1)
FNDA:33,(anonymous_2)
FNDA:20,(anonymous_3)
DA:1,2
DA:5,2
DA:15,2
DA:24,48
DA:34,33
DA:35,33
DA:36,3
DA:39,30
DA:40,3
DA:43,30
DA:44,4
DA:55,20
DA:56,20
DA:57,3
DA:60,17
DA:61,3
DA:64,17
DA:65,4
LF:18
LH:18
BRDA:35,0,0,3
BRDA:39,1,0,3
BRDA:43,2,0,4
BRDA:56,3,0,3
BRDA:60,4,0,3
BRDA:64,5,0,4
BRF:6
BRH:6
end_of_record
